=========================================================================
Log Path: ./log/t_dm_02_001.log
Program Path: C:/packages/Amgen/TestSTAR/local/t_dm_02_001/v0.0/module.R
Working Directory: C:/packages/Amgen/TestSTAR/local
User Name: dbosa
R Version: 4.2.1 (2022-06-23 ucrt)
Machine: SOCRATES x86-64
Operating System: Windows 10 x64 build 22621
Base Packages: stats graphics grDevices utils datasets methods base Other
Packages: tidylog_1.0.2 fmtr_1.5.9 reporter_1.3.9 fetch_0.1.0 logr_1.3.3
common_1.0.5 star_0.0.9001 ards_0.1.0
Log Start Time: 2023-06-20 15:28:21
=========================================================================

=========================================================================
Prepare Data
=========================================================================

Get ARM population counts

=========================================================================
Create summary statistics for age
=========================================================================

  var    label      ARM A      ARM B      ARM C      ARM D page
1 AGE        n         16         16         17         14    2
2 AGE     Mean       49.9       46.6       53.3       53.9    2
3 AGE       SD      18.34      13.48      14.45      14.94    2
4 AGE   Median       49.9       46.6       53.3       53.9    2
5 AGE   Q1, Q3 35.5, 64.0 34.8, 55.2 49.0, 63.0 44.8, 64.8    2
6 AGE Min, Max     24, 75     25, 71     19, 70     25, 71    2

=========================================================================
Create frequency counts for Age Group
=========================================================================

Create age group frequency counts

     var       label      ARM A      ARM B      ARM C      ARM D page
2 AGEGR1 18-29 years  3 ( 18.8)  1 (  6.2)  2 ( 11.8)  2 ( 14.3)    2
3 AGEGR1 30-39 years  2 ( 12.5)  5 ( 31.2)  1 (  5.9)  0 (  0.0)    2
5 AGEGR1 50-65 years  5 ( 31.2)  5 ( 31.2)  8 ( 47.1)  6 ( 42.9)    2
4 AGEGR1 40-49 years  2 ( 12.5)  3 ( 18.8)  3 ( 17.6)  3 ( 21.4)    2
1 AGEGR1   >65 years  4 ( 25.0)  2 ( 12.5)  3 ( 17.6)  3 ( 21.4)    2

=========================================================================
Create frequency counts for SEX
=========================================================================

# A user-defined format: 4 conditions
  Name Type Expression   Label Order
1  obj    U   is.na(x) Unknown    NA
2  obj    U   x == "M"    Male    NA
3  obj    U   x == "F"  Female    NA
4  obj    U       TRUE   Other    NA

  var  label      ARM A      ARM B      ARM C      ARM D page
2 SEX   Male  9 ( 56.2)  8 ( 50.0)  9 ( 52.9)  9 ( 64.3)    1
1 SEX Female  7 ( 43.8)  8 ( 50.0)  8 ( 47.1)  5 ( 35.7)    1

=========================================================================
Create frequency counts for Ethnicity
=========================================================================

# A user-defined format: 4 conditions
  Name Type                    Expression                  Label Order
1  obj    U                      is.na(x)                Missing     4
2  obj    U     x == "HISPANIC OR LATINO"     Hispanic or Latino     1
3  obj    U x == "NOT HISPANIC OR LATINO" Not Hispanic or Latino     2
4  obj    U                          TRUE                Unknown     3

     var                  label      ARM A      ARM B      ARM C      ARM D page
1 ETHNIC     Hispanic or Latino  3 ( 18.8)  1 (  6.2)  5 ( 29.4)  2 ( 14.3)    1
2 ETHNIC Not Hispanic or Latino 13 ( 81.2) 14 ( 87.5) 12 ( 70.6) 12 ( 85.7)    1
3 ETHNIC                Unknown  0 (  0.0)  1 (  6.2)  0 (  0.0)  0 (  0.0)    1

=========================================================================
Create frequency counts for RACE
=========================================================================

# A user-defined format: 7 conditions
  Name Type                                       Expression                                     Label
1  obj    U                                         is.na(x)                                   Unknown
2  obj    U          x == "AMERICAN INDIAN OR ALASKA NATIVE"          American Indian or Alaska Native
3  obj    U                                     x == "ASIAN"                                     Asian
4  obj    U                 x == "BLACK OR AFRICAN AMERICAN"               Black (or African American)
5  obj    U x == "NATIVE HAWAIIAN OR OTHER PACIFIC ISLANDER" Native Hawaiian or Other Pacific Islander
6  obj    U                                     x == "WHITE"                                     White
7  obj    U                                             TRUE                                     Other
  Order
1     7
2     1
3     2
4     3
5     4
6     5
7     6

   var                       label      ARM A      ARM B      ARM C      ARM D page
1 RACE                       Asian  1 (  6.2)  1 (  6.2)  0 (  0.0)  0 (  0.0)    1
2 RACE Black (or African American)  2 ( 12.5)  2 ( 12.5)  3 ( 17.6)  0 (  0.0)    1
4 RACE                       White 12 ( 75.0) 13 ( 81.2) 14 ( 82.4) 14 (100.0)    1
3 RACE                       Other  1 (  6.2)  0 (  0.0)  0 (  0.0)  0 (  0.0)    1

=========================================================================
Final data frame
=========================================================================

Combine blocks into final data frame

      var                       label      ARM A      ARM B      ARM C      ARM D page
2     SEX                        Male  9 ( 56.2)  8 ( 50.0)  9 ( 52.9)  9 ( 64.3)    1
1     SEX                      Female  7 ( 43.8)  8 ( 50.0)  8 ( 47.1)  5 ( 35.7)    1
11 ETHNIC          Hispanic or Latino  3 ( 18.8)  1 (  6.2)  5 ( 29.4)  2 ( 14.3)    1
21 ETHNIC      Not Hispanic or Latino 13 ( 81.2) 14 ( 87.5) 12 ( 70.6) 12 ( 85.7)    1
3  ETHNIC                     Unknown  0 (  0.0)  1 (  6.2)  0 (  0.0)  0 (  0.0)    1
12   RACE                       Asian  1 (  6.2)  1 (  6.2)  0 (  0.0)  0 (  0.0)    1
22   RACE Black (or African American)  2 ( 12.5)  2 ( 12.5)  3 ( 17.6)  0 (  0.0)    1
4    RACE                       White 12 ( 75.0) 13 ( 81.2) 14 ( 82.4) 14 (100.0)    1
31   RACE                       Other  1 (  6.2)  0 (  0.0)  0 (  0.0)  0 (  0.0)    1
13    AGE                           n         16         16         17         14    2
23    AGE                        Mean       49.9       46.6       53.3       53.9    2
32    AGE                          SD      18.34      13.48      14.45      14.94    2
41    AGE                      Median       49.9       46.6       53.3       53.9    2
5     AGE                      Q1, Q3 35.5, 64.0 34.8, 55.2 49.0, 63.0 44.8, 64.8    2
6     AGE                    Min, Max     24, 75     25, 71     19, 70     25, 71    2
24 AGEGR1                 18-29 years  3 ( 18.8)  1 (  6.2)  2 ( 11.8)  2 ( 14.3)    2
33 AGEGR1                 30-39 years  2 ( 12.5)  5 ( 31.2)  1 (  5.9)  0 (  0.0)    2
51 AGEGR1                 50-65 years  5 ( 31.2)  5 ( 31.2)  8 ( 47.1)  6 ( 42.9)    2
42 AGEGR1                 40-49 years  2 ( 12.5)  3 ( 18.8)  3 ( 17.6)  3 ( 21.4)    2
14 AGEGR1                   >65 years  4 ( 25.0)  2 ( 12.5)  3 ( 17.6)  3 ( 21.4)    2

=========================================================================
Create and print report
=========================================================================

# A report specification: 2 pages
- file_path: 'C:/packages/Amgen/TestSTAR/local/t_dm_02_001/v0.0/output/t_dm_02_001.rtf'
- output_type: RTF
- units: inches
- orientation: landscape
- margins: top 1 bottom 1 left 1 right 1
- line size/count: 9/36
- content: 
# A table specification:
- data: data.frame 'final' 20 rows 7 cols
- show_cols: all
- use_attributes: all
- title 1: 'Table 14-2.2.1.2.  Baseline Demographics'
- title 2: '(Safety Analysis Set)'
- footnote 1: 'Page [pg] of [tpg]'
- footnote 2: 'Data cutoff date: 07DEC2022. N=Number of subjects in the analysis set. n=Number of subjects with observed data. SD=Standard Deviation, Q1=First Quartile, Q3=Third Quartile.S=Step Dosing.'
- footnote 3: 'Safety analysis set includes all subjects that are enrolled an recieve at least 1 dose of AMG 509.'
- stub: var label width=2.5 align='left' 
- define: var '' dedupe='TRUE' 
- define: label '' 
- define: page visible='FALSE' page_break='TRUE' 
- define: ARM A 'Cohort 1
0.001 mg
QW
(N=16)
n(%)' 
- define: ARM B 'Cohort 2
0.003 mg
QW
(N=16)
n(%)' 
- define: ARM C 'Cohort 3
0.001 mg
QW
(N=17)
n(%)' 
- define: ARM D 'Cohort 4
0.003 mg
QW
(N=14)
n(%)' 

=========================================================================
Log End Time: 2023-06-20 15:28:24
Log Elapsed Time: 0 00:00:02
=========================================================================
